This is XeTeX, Version 3.1415926-2.2-0.9995.2 (Web2C 2009) (format=xelatex 2009.9.29)  12 NOV 2009 13:39
entering extended mode
 restricted \write18 enabled.
 %&-line parsing enabled.
**jawi-keybard-layout.tex
(./jawi-keybard-layout.tex
LaTeX2e <2009/09/24>
Babel <v3.8l> and hyphenation patterns for english, usenglishmax, dumylang, noh
yphenation, german-x-2008-06-18, ngerman-x-2008-06-18, ancientgreek, ibycus, ar
abic, basque, bulgarian, catalan, pinyin, coptic, croatian, czech, danish, dutc
h, esperanto, estonian, farsi, finnish, french, galician, german, ngerman, mono
greek, greek, hungarian, icelandic, indonesian, interlingua, irish, italian, la
tin, latvian, lithuanian, mongolian, mongolian2a, bokmal, nynorsk, polish, port
uguese, romanian, russian, sanskrit, serbian, slovak, slovenian, spanish, swedi
sh, turkish, ukenglish, ukrainian, uppersorbian, welsh, loaded.
(./IEEEconf.cls
Document Class: IEEEconf 2009/04/05 v1.4 IEEE Computer Society 8.5x11" conferen
ce proceedings
(c:/w32tex/share/texmf/tex/latex/base/article.cls
Document Class: article 2007/10/19 v1.4h Standard LaTeX document class
(c:/w32tex/share/texmf/tex/latex/base/size12.clo
File: size12.clo 2007/10/19 v1.4h Standard LaTeX file (size option)
)
\c@part=\count80
\c@section=\count81
\c@subsection=\count82
\c@subsubsection=\count83
\c@paragraph=\count84
\c@subparagraph=\count85
\c@figure=\count86
\c@table=\count87
\abovecaptionskip=\skip41
\belowcaptionskip=\skip42
\bibindent=\dimen102
)
(c:/w32tex/share/texmf/tex/latex/geometry/geometry.sty
Package: geometry 2008/12/21 v4.2 Page Geometry

(c:/w32tex/share/texmf/tex/latex/graphics/keyval.sty
Package: keyval 1999/03/16 v1.13 key=value parser (DPC)
\KV@toks@=\toks14
)
(c:/w32tex/share/texmf/tex/generic/oberdiek/ifpdf.sty
Package: ifpdf 2009/04/10 v2.0 Provides the ifpdf switch (HO)
Package ifpdf Info: pdfTeX in pdf mode not detected.
)
(c:/w32tex/share/texmf/tex/generic/oberdiek/ifvtex.sty
Package: ifvtex 2008/11/04 v1.4 Switches for detecting VTeX and its modes (HO)
Package ifvtex Info: VTeX not detected.
)
\Gm@cnth=\count88
\Gm@cntv=\count89
\c@Gm@tempcnt=\count90
\Gm@bindingoffset=\dimen103
\Gm@wd@mp=\dimen104
\Gm@odd@mp=\dimen105
\Gm@even@mp=\dimen106
\Gm@dimlist=\toks15

(c:/w32tex/share/texmf/tex/xelatex/xetexconfig/geometry.cfg))
(c:/w32tex/share/texmf/tex/latex/psnfss/mathptmx.sty
Package: mathptmx 2005/04/12 PSNFSS-v9.2a Times w/ Math, improved (SPQR, WaS) 
LaTeX Font Info:    Redeclaring symbol font `operators' on input line 28.
LaTeX Font Info:    Overwriting symbol font `operators' in version `normal'
(Font)                  OT1/cmr/m/n --> OT1/ztmcm/m/n on input line 28.
LaTeX Font Info:    Overwriting symbol font `operators' in version `bold'
(Font)                  OT1/cmr/bx/n --> OT1/ztmcm/m/n on input line 28.
LaTeX Font Info:    Redeclaring symbol font `letters' on input line 29.
LaTeX Font Info:    Overwriting symbol font `letters' in version `normal'
(Font)                  OML/cmm/m/it --> OML/ztmcm/m/it on input line 29.
LaTeX Font Info:    Overwriting symbol font `letters' in version `bold'
(Font)                  OML/cmm/b/it --> OML/ztmcm/m/it on input line 29.
LaTeX Font Info:    Redeclaring symbol font `symbols' on input line 30.
LaTeX Font Info:    Overwriting symbol font `symbols' in version `normal'
(Font)                  OMS/cmsy/m/n --> OMS/ztmcm/m/n on input line 30.
LaTeX Font Info:    Overwriting symbol font `symbols' in version `bold'
(Font)                  OMS/cmsy/b/n --> OMS/ztmcm/m/n on input line 30.
LaTeX Font Info:    Redeclaring symbol font `largesymbols' on input line 31.
LaTeX Font Info:    Overwriting symbol font `largesymbols' in version `normal'
(Font)                  OMX/cmex/m/n --> OMX/ztmcm/m/n on input line 31.
LaTeX Font Info:    Overwriting symbol font `largesymbols' in version `bold'
(Font)                  OMX/cmex/m/n --> OMX/ztmcm/m/n on input line 31.
\symbold=\mathgroup4
\symitalic=\mathgroup5
LaTeX Font Info:    Redeclaring math alphabet \mathbf on input line 34.
LaTeX Font Info:    Overwriting math alphabet `\mathbf' in version `normal'
(Font)                  OT1/cmr/bx/n --> OT1/ptm/bx/n on input line 34.
LaTeX Font Info:    Overwriting math alphabet `\mathbf' in version `bold'
(Font)                  OT1/cmr/bx/n --> OT1/ptm/bx/n on input line 34.
LaTeX Font Info:    Redeclaring math alphabet \mathit on input line 35.
LaTeX Font Info:    Overwriting math alphabet `\mathit' in version `normal'
(Font)                  OT1/cmr/m/it --> OT1/ptm/m/it on input line 35.
LaTeX Font Info:    Overwriting math alphabet `\mathit' in version `bold'
(Font)                  OT1/cmr/bx/it --> OT1/ptm/m/it on input line 35.
LaTeX Info: Redefining \hbar on input line 50.
)
(c:/w32tex/share/texmf/tex/latex/psnfss/helvet.sty
Package: helvet 2005/04/12 PSNFSS-v9.2a (WaS) 
)
(c:/w32tex/share/texmf/tex/latex/psnfss/courier.sty
Package: courier 2005/04/12 PSNFSS-v9.2a (WaS) 
)
(c:/w32tex/share/texmf/tex/latex/tools/array.sty
Package: array 2008/09/09 v2.4c Tabular extension package (FMi)
\col@sep=\dimen107
\extrarowheight=\dimen108
\NC@list=\toks16
\extratabsurround=\skip43
\backup@length=\skip44
)
\ieee@author@width=\skip45

(c:/w32tex/share/texmf/tex/latex/titlesec/titlesec.sty
Package: titlesec 2007/08/12 v2.8 Sectioning titles
\ttl@box=\box26
\beforetitleunit=\skip46
\aftertitleunit=\skip47
\ttl@plus=\dimen109
\ttl@minus=\dimen110
\ttl@toksa=\toks17
\titlewidth=\dimen111
\titlewidthlast=\dimen112
\titlewidthfirst=\dimen113
))
(c:/w32tex/share/texmf/tex/latex/graphics/graphicx.sty
Package: graphicx 1999/02/16 v1.0f Enhanced LaTeX Graphics (DPC,SPQR)

(c:/w32tex/share/texmf/tex/latex/graphics/graphics.sty
Package: graphics 2009/02/05 v1.0o Standard LaTeX Graphics (DPC,SPQR)

(c:/w32tex/share/texmf/tex/latex/graphics/trig.sty
Package: trig 1999/03/16 v1.09 sin cos tan (DPC)
)
(c:/w32tex/share/texmf/tex/xelatex/graphics/graphics.cfg
File: graphics.cfg 2005/10/12 v1.3b graphics configuration of teTeX/TeXLive, ex
tended for XeTeX
)
Package graphics Info: Driver file: xetex.def on input line 91.

(c:/w32tex/share/texmf/tex/xelatex/graphics/xetex.def
File: xetex.def 2006/08/10 v0.92 LaTeX color/graphics driver for XeTeX (RRM, mo
d. JK)
))
\Gin@req@height=\dimen114
\Gin@req@width=\dimen115
)
(c:/w32tex/share/texmf/tex/xelatex/arabxetex/arabxetex.sty
Package: arabxetex 2008/07/16 v1.1.2 ArabTeX-like interface for XeLaTeX

(c:/w32tex/share/texmf/tex/xelatex/bidi/bidi.sty
Package: bidi 2009/08/09 v1.0.3 <revision 82> Bidirectional typesetting in XeLa
TeX

(c:/w32tex/share/texmf/tex/latex/amslatex/amsmath.sty
Package: amsmath 2000/07/18 v2.13 AMS math features
\@mathmargin=\skip48

For additional information on amsmath, use the `?' option.
(c:/w32tex/share/texmf/tex/latex/amslatex/amstext.sty
Package: amstext 2000/06/29 v2.01

(c:/w32tex/share/texmf/tex/latex/amslatex/amsgen.sty
File: amsgen.sty 1999/11/30 v2.0
\@emptytoks=\toks18
\ex@=\dimen116
))
(c:/w32tex/share/texmf/tex/latex/amslatex/amsbsy.sty
Package: amsbsy 1999/11/29 v1.2d
\pmbraise@=\dimen117
)
(c:/w32tex/share/texmf/tex/latex/amslatex/amsopn.sty
Package: amsopn 1999/12/14 v2.01 operator names
)
\inf@bad=\count91
LaTeX Info: Redefining \frac on input line 211.
\uproot@=\count92
\leftroot@=\count93
LaTeX Info: Redefining \overline on input line 307.
\classnum@=\count94
\DOTSCASE@=\count95
LaTeX Info: Redefining \ldots on input line 379.
LaTeX Info: Redefining \dots on input line 382.
LaTeX Info: Redefining \cdots on input line 467.
\Mathstrutbox@=\box27
\strutbox@=\box28
\big@size=\dimen118
LaTeX Font Info:    Redeclaring font encoding OML on input line 567.
LaTeX Font Info:    Redeclaring font encoding OMS on input line 568.
\macc@depth=\count96
\c@MaxMatrixCols=\count97
\dotsspace@=\muskip10
\c@parentequation=\count98
\dspbrk@lvl=\count99
\tag@help=\toks19
\row@=\count100
\column@=\count101
\maxfields@=\count102
\andhelp@=\toks20
\eqnshift@=\dimen119
\alignsep@=\dimen120
\tagshift@=\dimen121
\tagwidth@=\dimen122
\totwidth@=\dimen123
\lineht@=\dimen124
\@envbody=\toks21
\multlinegap=\skip49
\multlinetaggap=\skip50
\mathdisplay@stack=\toks22
LaTeX Info: Redefining \[ on input line 2666.
LaTeX Info: Redefining \] on input line 2667.
)
\n@everypar=\toks23

(c:/w32tex/share/texmf/tex/xelatex/bidi/footnote-bidi.def)
(c:/w32tex/share/texmf/tex/xelatex/bidi/graphicx-bidi.def)
(c:/w32tex/share/texmf/tex/xelatex/bidi/array-bidi.def)
(c:/w32tex/share/texmf/tex/xelatex/bidi/article-bidi.def))
(c:/w32tex/share/texmf/tex/xelatex/fontspec/fontspec.sty
Package: fontspec 2008/08/09 v1.18 Advanced font selection for XeLaTeX

(c:/w32tex/share/texmf/tex/generic/ifxetex/ifxetex.sty
Package: ifxetex 2008/09/18 v0.4 Provides ifxetex conditional
)
\c@zf@newff=\count103
\c@zf@index=\count104
\c@zf@script=\count105
\c@zf@language=\count106

(c:/w32tex/share/texmf/tex/latex/tools/calc.sty
Package: calc 2007/08/22 v4.3 Infix arithmetic (KKT,FJ)
\calc@Acount=\count107
\calc@Bcount=\count108
\calc@Adimen=\dimen125
\calc@Bdimen=\dimen126
\calc@Askip=\skip51
\calc@Bskip=\skip52
LaTeX Info: Redefining \setlength on input line 76.
LaTeX Info: Redefining \addtolength on input line 77.
\calc@Ccount=\count109
\calc@Cskip=\skip53
)
(c:/w32tex/share/texmf/tex/xelatex/xkeyval/xkeyval.sty
Package: xkeyval 2005/11/25 v2.5e package option processing (HA)

(c:/w32tex/share/texmf/tex/xelatex/xkeyval/xkeyval.tex
\XKV@toks=\toks24
\XKV@depth=\count110
File: xkeyval.tex 2005/11/25 v2.5e key=value parser (HA)
))
(c:/w32tex/share/texmf/tex/latex/base/fontenc.sty
Package: fontenc 2005/09/27 v1.99g Standard LaTeX package

(c:/w32tex/share/texmf/tex/xelatex/euenc/eu1enc.def
File: eu1enc.def 2008/03/08 v0.1d Experimental unicode font encoding
)
LaTeX Font Info:    Try loading font information for EU1+lmr on input line 100.


(c:/w32tex/share/texmf/tex/xelatex/euenc/eu1lmr.fd
File: eu1lmr.fd 2007/01/14 v1.3 Font defs for Latin Modern
))
LaTeX Info: Redefining \itshape on input line 1163.
LaTeX Info: Redefining \slshape on input line 1166.
LaTeX Info: Redefining \scshape on input line 1169.
LaTeX Info: Redefining \upshape on input line 1172.

fontspec.cfg loaded.
(c:/w32tex/share/texmf/tex/xelatex/fontspec/fontspec.cfg)))
(c:/w32tex/share/texmf/tex/xelatex/xunicode/xunicode.sty
File: xunicode.sty 2008/02/08 v0.91 provides access to latin accents and many o
ther characters in Unicode lower plane
)
(c:/w32tex/share/texmf/tex/xelatex/xltxtra/xltxtra.sty
Package: xltxtra 2009/09/02 v0.5 Improvements for the "XeLaTeX" format

(c:/w32tex/share/texmf/tex/latex/metalogo/metalogo.sty
Package: metalogo 2009/09/04 v0.11 Extended TeX logo macros
\xl@everylogo=\toks25
\xl@@everylogo=\toks26
LaTeX Info: Redefining \TeX on input line 193.
LaTeX Info: Redefining \LaTeX on input line 202.
LaTeX Info: Redefining \LaTeXe on input line 219.
LaTeX Info: Redefining \XeTeX on input line 234.
LaTeX Info: Redefining \XeLaTeX on input line 235.
)
(c:/w32tex/share/texmf/tex/latex/etex/etex.sty
Package: etex 1998/03/26 v2.0 eTeX basic definition package (PEB)
\et@xins=\count111
)
(c:/w32tex/share/texmf/tex/latex/base/fixltx2e.sty
Package: fixltx2e 2006/09/13 v1.1m fixes to LaTeX
LaTeX Info: Redefining \em on input line 420.
LaTeX Info: The control sequence `\[' is already robust on input line 471.
LaTeX Info: The control sequence `\]' is already robust on input line 472.
)
LaTeX Info: Redefining \em on input line 72.
LaTeX Info: Redefining \emph on input line 81.
LaTeX Info: Redefining \- on input line 86.
LaTeX Info: Redefining \textsubscript on input line 105.
LaTeX Info: Redefining \textsuperscript on input line 107.
\xxt@tempbox=\box29
)
Package fontspec Info: Minion Pro scale = 0.98627 on input line 10.
\c@zf@famc@Minion Pro=\count112
Package fontspec Info: Defining font family for 'Minion Pro' with options [Scal
e=MatchLowercase,Mapping=tex-text] on input line 10.
Package fontspec Info: Minion Pro scale = 0.98627 on input line 10.
Package fontspec Info: Minion Pro scale = 0.98627 on input line 10.
Package fontspec Info: Minion Pro/B scale = 0.97955 on input line 10.
Package fontspec Info: Minion Pro/B scale = 0.97955 on input line 10.
Package fontspec Info: Minion Pro/I scale = 0.95992 on input line 10.
Package fontspec Info: Minion Pro/I scale = 0.95992 on input line 10.
Package fontspec Info: Minion Pro/BI scale = 0.95354 on input line 10.
Package fontspec Info: Minion Pro/BI scale = 0.95354 on input line 10.
LaTeX Font Info:    Font shape `EU1/MinionPro(0)/m/n' will be
(Font)              scaled to size 9.86267pt on input line 10.
Package fontspec Info: Myriad Pro scale = 0.89049 on input line 11.
\c@zf@famc@Myriad Pro=\count113
Package fontspec Info: Defining font family for 'Myriad Pro' with options [Scal
e=MatchLowercase,Mapping=tex-text] on input line 11.
Package fontspec Info: Myriad Pro scale = 0.89049 on input line 11.
Package fontspec Info: Myriad Pro/B scale = 0.8814 on input line 11.
Package fontspec Info: Myriad Pro/I scale = 0.89049 on input line 11.
Package fontspec Info: Myriad Pro/BI scale = 0.8814 on input line 11.
Package fontspec Info: Courier New scale = 1.01927 on input line 12.
\c@zf@famc@Courier New=\count114
Package fontspec Info: Defining font family for 'Courier New' with options [Sca
le=MatchLowercase,] on input line 12.
Package fontspec Info: Courier New scale = 1.01927 on input line 12.
Package fontspec Info: Courier New/B scale = 0.97212 on input line 12.
Package fontspec Info: Courier New/I scale = 1.01927 on input line 12.
Package fontspec Info: Courier New/BI scale = 0.97212 on input line 12.
Package fontspec Info: Adobe Arabic scale = 1.38351 on input line 13.
\c@zf@famc@Adobe Arabic=\count115
Package fontspec Info: Defining font family for 'Adobe Arabic' with options [Sc
ale=MatchLowercase,Script=Arabic,Scale=1.5] on input line 13.
Package fontspec Info: Adobe Arabic scale = 1.38351 on input line 13.
Package fontspec Info: Adobe Arabic/B scale = 1.37062 on input line 13.
Package fontspec Info: Adobe Arabic/I scale = 1.34761 on input line 13.
Package fontspec Info: Adobe Arabic/BI scale = 1.33537 on input line 13.
 (./jawi-keybard-layout.aux

LaTeX Warning: Label `fig:jawi1' multiply defined.


LaTeX Warning: Label `fig:jawi1' multiply defined.

)
\openout1 = `jawi-keybard-layout.aux'.

LaTeX Font Info:    Checking defaults for OML/cmm/m/it on input line 27.
LaTeX Font Info:    ... okay on input line 27.
LaTeX Font Info:    Checking defaults for T1/cmr/m/n on input line 27.
LaTeX Font Info:    ... okay on input line 27.
LaTeX Font Info:    Checking defaults for OT1/cmr/m/n on input line 27.
LaTeX Font Info:    ... okay on input line 27.
LaTeX Font Info:    Checking defaults for OMS/cmsy/m/n on input line 27.
LaTeX Font Info:    ... okay on input line 27.
LaTeX Font Info:    Checking defaults for OMX/cmex/m/n on input line 27.
LaTeX Font Info:    ... okay on input line 27.
LaTeX Font Info:    Checking defaults for U/cmr/m/n on input line 27.
LaTeX Font Info:    ... okay on input line 27.
LaTeX Font Info:    Checking defaults for EU1/lmr/m/n on input line 27.
LaTeX Font Info:    ... okay on input line 27.
LaTeX Font Info:    Font shape `EU1/MinionPro(0)/m/n' will be
(Font)              scaled to size 11.8352pt on input line 27.

*geometry detected driver: pdftex*
-------------------- Geometry parameters
paper: a4paper
landscape: --
twocolumn: true
twoside: --
asymmetric: --
h-parts: 63.87643pt, 469.75499pt, 63.87645pt
v-parts: 72.26999pt, 641.39624pt, 131.38062pt
hmarginratio: 1:1
vmarginratio: --
lines: --
heightrounded: --
bindingoffset: 0.0pt
truedimen: --
includehead: --
includefoot: --
includemp: --
driver: pdftex
-------------------- Page layout dimensions and switches
\paperwidth  597.50787pt
\paperheight 845.04684pt
\textwidth  469.75499pt
\textheight 641.39624pt
\oddsidemargin  -8.39355pt
\evensidemargin -8.39355pt
\topmargin  0.0pt
\headheight 0.0pt
\headsep    0.0pt
\footskip   0.0pt
\marginparwidth 4.0pt
\marginparsep   10.0pt
\columnsep  27.10124pt
\skip\footins  10.8pt plus 4.0pt minus 2.0pt
\hoffset 0.0pt
\voffset 0.0pt
\mag 1000
\@twocolumntrue 
(1in=72.27pt, 1cm=28.45pt)
-----------------------
LaTeX Font Info:    Font shape `EU1/MinionPro(0)/bx/n' will be
(Font)              scaled to size 11.75464pt on input line 28.
LaTeX Font Info:    Font shape `EU1/MinionPro(0)/bx/n' will be
(Font)              scaled to size 13.71375pt on input line 28.
LaTeX Font Info:    Try loading font information for OT1+ztmcm on input line 28
.
(c:/w32tex/share/texmf/tex/latex/psnfss/ot1ztmcm.fd
File: ot1ztmcm.fd 2000/01/03 Fontinst v1.801 font definitions for OT1/ztmcm.
)
LaTeX Font Info:    Try loading font information for OML+ztmcm on input line 28
.

(c:/w32tex/share/texmf/tex/latex/psnfss/omlztmcm.fd
File: omlztmcm.fd 2000/01/03 Fontinst v1.801 font definitions for OML/ztmcm.
)
LaTeX Font Info:    Try loading font information for OMS+ztmcm on input line 28
.

(c:/w32tex/share/texmf/tex/latex/psnfss/omsztmcm.fd
File: omsztmcm.fd 2000/01/03 Fontinst v1.801 font definitions for OMS/ztmcm.
)
LaTeX Font Info:    Try loading font information for OMX+ztmcm on input line 28
.

(c:/w32tex/share/texmf/tex/latex/psnfss/omxztmcm.fd
File: omxztmcm.fd 2000/01/03 Fontinst v1.801 font definitions for OMX/ztmcm.
)
LaTeX Font Info:    Try loading font information for OT1+ptm on input line 28.

(c:/w32tex/share/texmf/tex/latex/psnfss/ot1ptm.fd
File: ot1ptm.fd 2001/06/04 font definitions for OT1/ptm.
)
LaTeX Font Info:    Font shape `OT1/ptm/bx/n' in size <12> not available
(Font)              Font shape `OT1/ptm/b/n' tried instead on input line 28.
LaTeX Font Info:    Font shape `OT1/ptm/bx/n' in size <9> not available
(Font)              Font shape `OT1/ptm/b/n' tried instead on input line 28.
LaTeX Font Info:    Font shape `OT1/ptm/bx/n' in size <7> not available
(Font)              Font shape `OT1/ptm/b/n' tried instead on input line 28.
LaTeX Font Info:    Font shape `EU1/MinionPro(0)/m/it' will be
(Font)              scaled to size 11.51898pt on input line 28.
LaTeX Font Info:    Font shape `EU1/AdobeArabic(0)/m/it' will be
(Font)              scaled to size 18.0pt on input line 31.
Package fontspec Info: Adobe Arabic scale = 1.38353 on input line 31.
Package fontspec Info: Defining font family for 'Adobe Arabic' with options [Sc
ale=MatchLowercase,Script=Arabic,Scale=1.5,Mapping=arabtex-fdf2alif-novoc] on i
nput line 31.
Package fontspec Info: Adobe Arabic scale = 1.38353 on input line 31.
Package fontspec Info: Adobe Arabic/B scale = 1.37064 on input line 31.
Package fontspec Info: Adobe Arabic/I scale = 1.34763 on input line 31.
Package fontspec Info: Adobe Arabic/BI scale = 1.33539 on input line 31.
LaTeX Font Info:    Font shape `EU1/AdobeArabic(1)/m/it' will be
(Font)              scaled to size 18.0pt on input line 31.
Font mapping `arabtex-fdf2alif-novoc.tec' for font `Adobe Arabic Italic' not fo
und.
Package fontspec Info: Adobe Arabic scale = 1.38353 on input line 31.
LaTeX Font Info:    Font shape `EU1/MinionPro(0)/bx/n' will be
(Font)              scaled to size 10.77509pt on input line 47.
File: Jawi.jpg Graphic file (type QTm)
 <use  "Jawi.jpg" >
Underfull \hbox (badness 1014) in paragraph at lines 60--61
\EU1/MinionPro(0)/m/n/12 position is shown in figure 2. There are 7
 []


Underfull \hbox (badness 2376) in paragraph at lines 60--61
\EU1/MinionPro(0)/m/n/12 layout positions; 6 diacritical markings are
 []

LaTeX Font Info:    Font shape `EU1/AdobeArabic(0)/m/n' will be
(Font)              scaled to size 18.0pt on input line 63.
Package fontspec Info: Adobe Arabic scale = 1.38351 on input line 63.
Package fontspec Info: Defining font family for 'Adobe Arabic' with options [Sc
ale=MatchLowercase,Script=Arabic,Scale=1.5,Mapping=arabtex-fdf2alif-novoc] on i
nput line 63.
Package fontspec Info: Adobe Arabic scale = 1.38351 on input line 63.
Package fontspec Info: Adobe Arabic/B scale = 1.37062 on input line 63.
Package fontspec Info: Adobe Arabic/I scale = 1.34761 on input line 63.
Package fontspec Info: Adobe Arabic/BI scale = 1.33537 on input line 63.
LaTeX Font Info:    Font shape `EU1/AdobeArabic(2)/m/n' will be
(Font)              scaled to size 18.0pt on input line 63.
Font mapping `arabtex-fdf2alif-novoc.tec' for font `Adobe Arabic Regular' not f
ound.
Package fontspec Info: Adobe Arabic scale = 1.38351 on input line 63.
File: JawiShft.jpg Graphic file (type QTm)
<use  "JawiShft.jpg" > [1


]
Package fontspec Info: Adobe Arabic scale = 1.38351 on input line 84.
Package fontspec Info: Adobe Arabic scale = 1.38351 on input line 84.
Package fontspec Info: Adobe Arabic scale = 1.38351 on input line 92.
Package fontspec Info: Adobe Arabic scale = 1.38351 on input line 92.

Underfull \hbox (badness 2197) in paragraph at lines 92--93
[]\EU1/MinionPro(0)/m/n/12 the word ’sains’ is spell []\EU1/AdobeArabic(2)/
m/n/12 ساءين‌س[]\EU1/MinionPro(0)/m/n/12 , not
 []

Package fontspec Info: Adobe Arabic scale = 1.38351 on input line 93.
Package fontspec Info: Adobe Arabic scale = 1.38351 on input line 93.
Package fontspec Info: Adobe Arabic scale = 1.38351 on input line 94.
Package fontspec Info: Adobe Arabic scale = 1.38351 on input line 94.
LaTeX Font Info:    Font shape `EU1/CourierNew(0)/m/n' will be
(Font)              scaled to size 12.23126pt on input line 99.
Package fontspec Info: Adobe Arabic scale = 1.38351 on input line 103.
Package fontspec Info: Adobe Arabic scale = 1.38351 on input line 104.
LaTeX Font Info:    Font shape `EU1/AdobeArabic(0)/bx/n' will be
(Font)              scaled to size 16.5pt on input line 108.
Package fontspec Info: Adobe Arabic scale = 1.38353 on input line 108.
LaTeX Font Info:    Font shape `EU1/AdobeArabic(1)/bx/n' will be
(Font)              scaled to size 16.5pt on input line 108.
Font mapping `arabtex-fdf2alif-novoc.tec' for font `Adobe Arabic Bold' not foun
d.

Underfull \hbox (badness 1789) in paragraph at lines 111--112
\EU1/MinionPro(0)/m/n/12 pendent, for instance []\EU1/CourierNew(0)/m/n/12 note
pad.exe \EU1/MinionPro(0)/m/n/12 pro-
 []

[2]
Package fontspec Info: Adobe Arabic scale = 1.38351 on input line 114.
Package fontspec Info: Adobe Arabic scale = 1.38351 on input line 117.
Package fontspec Info: Adobe Arabic scale = 1.38351 on input line 118.
Package fontspec Info: Adobe Arabic scale = 1.38351 on input line 119.
Package fontspec Info: Adobe Arabic scale = 1.38351 on input line 130.
Package fontspec Info: Adobe Arabic scale = 1.38351 on input line 133.
Package fontspec Info: Adobe Arabic scale = 1.38351 on input line 134.
Package fontspec Info: Adobe Arabic scale = 1.38351 on input line 135.
Package fontspec Info: Adobe Arabic scale = 1.38351 on input line 139.
Package fontspec Info: Adobe Arabic scale = 1.38353 on input line 141.
Package fontspec Info: Adobe Arabic scale = 1.38351 on input line 146.
Package fontspec Info: Adobe Arabic scale = 1.38351 on input line 149.
Package fontspec Info: Adobe Arabic scale = 1.38351 on input line 151.
Package fontspec Info: Adobe Arabic scale = 1.38351 on input line 152.
Package fontspec Info: Adobe Arabic scale = 1.38351 on input line 153.

Underfull \hbox (badness 4713) in paragraph at lines 153--154
[]\EU1/MinionPro(0)/m/n/12 final: []\EU1/AdobeArabic(2)/m/n/12 سيك[] \EU1/Mi
nionPro(0)/m/n/12 (the final ligature is
 []

Package fontspec Info: Adobe Arabic scale = 1.38351 on input line 156.
Package fontspec Info: Adobe Arabic scale = 1.38351 on input line 158.
Package fontspec Info: Adobe Arabic scale = 1.38351 on input line 159.
Package fontspec Info: Adobe Arabic scale = 1.38351 on input line 160.
Package fontspec Info: Adobe Arabic scale = 1.38353 on input line 164.
Package fontspec Info: Adobe Arabic scale = 1.38353 on input line 164.
Package fontspec Info: Adobe Arabic scale = 1.38351 on input line 166.
Package fontspec Info: Adobe Arabic scale = 1.38351 on input line 166.
Package fontspec Info: Adobe Arabic scale = 1.38353 on input line 168.
Package fontspec Info: Adobe Arabic scale = 1.38351 on input line 172.
Package fontspec Info: Adobe Arabic scale = 1.38351 on input line 173.
Package fontspec Info: Adobe Arabic scale = 1.38351 on input line 177.
Package fontspec Info: Adobe Arabic scale = 1.38351 on input line 178.

Underfull \hbox (badness 1194) in paragraph at lines 176--179
\EU1/MinionPro(0)/m/n/12 are different. Compare the use of the two
 []

Package fontspec Info: Adobe Arabic scale = 1.38351 on input line 180.
Package fontspec Info: Adobe Arabic scale = 1.38351 on input line 180.
Package fontspec Info: Adobe Arabic scale = 1.38351 on input line 180.
File: arabjawi.jpg Graphic file (type QTm)
<use  "arabjawi.jpg" >
File: arabjawiShft.jpg Graphic file (type QTm)
 <use  "arabjawiShft.jpg" > [3]
Package fontspec Info: Adobe Arabic scale = 1.38351 on input line 208.

(./jawi-keybard-layout.bbl) [4

] (./jawi-keybard-layout.aux)

LaTeX Warning: There were multiply-defined labels.

 ) 
Here is how much of TeX's memory you used:
 6981 strings out of 494671
 109996 string characters out of 3166758
 198018 words of memory out of 1500000
 10064 multiletter control sequences out of 15000+200000
 12372 words of font info for 71 fonts, out of 2000000 for 2000
 669 hyphenation exceptions out of 8191
 41i,15n,78p,824b,395s stack positions out of 3000i,500n,5000p,500000b,5000s

Output written on jawi-keybard-layout.pdf (4 pages).
