This is XeTeX, Version 3.1415926-2.2-0.9995.2 (Web2C 2009) (format=xelatex 2009.9.29)  12 NOV 2009 14:24
entering extended mode
 restricted \write18 enabled.
 %&-line parsing enabled.
**jawi-unicode-compliant-font.tex
(./jawi-unicode-compliant-font.tex
LaTeX2e <2009/09/24>
Babel <v3.8l> and hyphenation patterns for english, usenglishmax, dumylang, noh
yphenation, german-x-2008-06-18, ngerman-x-2008-06-18, ancientgreek, ibycus, ar
abic, basque, bulgarian, catalan, pinyin, coptic, croatian, czech, danish, dutc
h, esperanto, estonian, farsi, finnish, french, galician, german, ngerman, mono
greek, greek, hungarian, icelandic, indonesian, interlingua, irish, italian, la
tin, latvian, lithuanian, mongolian, mongolian2a, bokmal, nynorsk, polish, port
uguese, romanian, russian, sanskrit, serbian, slovak, slovenian, spanish, swedi
sh, turkish, ukenglish, ukrainian, uppersorbian, welsh, loaded.
(./IEEEconf.cls
Document Class: IEEEconf 2009/04/05 v1.4 IEEE Computer Society 8.5x11" conferen
ce proceedings
(c:/w32tex/share/texmf/tex/latex/base/article.cls
Document Class: article 2007/10/19 v1.4h Standard LaTeX document class
(c:/w32tex/share/texmf/tex/latex/base/size12.clo
File: size12.clo 2007/10/19 v1.4h Standard LaTeX file (size option)
)
\c@part=\count80
\c@section=\count81
\c@subsection=\count82
\c@subsubsection=\count83
\c@paragraph=\count84
\c@subparagraph=\count85
\c@figure=\count86
\c@table=\count87
\abovecaptionskip=\skip41
\belowcaptionskip=\skip42
\bibindent=\dimen102
)
(c:/w32tex/share/texmf/tex/latex/geometry/geometry.sty
Package: geometry 2008/12/21 v4.2 Page Geometry

(c:/w32tex/share/texmf/tex/latex/graphics/keyval.sty
Package: keyval 1999/03/16 v1.13 key=value parser (DPC)
\KV@toks@=\toks14
)
(c:/w32tex/share/texmf/tex/generic/oberdiek/ifpdf.sty
Package: ifpdf 2009/04/10 v2.0 Provides the ifpdf switch (HO)
Package ifpdf Info: pdfTeX in pdf mode not detected.
)
(c:/w32tex/share/texmf/tex/generic/oberdiek/ifvtex.sty
Package: ifvtex 2008/11/04 v1.4 Switches for detecting VTeX and its modes (HO)
Package ifvtex Info: VTeX not detected.
)
\Gm@cnth=\count88
\Gm@cntv=\count89
\c@Gm@tempcnt=\count90
\Gm@bindingoffset=\dimen103
\Gm@wd@mp=\dimen104
\Gm@odd@mp=\dimen105
\Gm@even@mp=\dimen106
\Gm@dimlist=\toks15

(c:/w32tex/share/texmf/tex/xelatex/xetexconfig/geometry.cfg))
(c:/w32tex/share/texmf/tex/latex/psnfss/mathptmx.sty
Package: mathptmx 2005/04/12 PSNFSS-v9.2a Times w/ Math, improved (SPQR, WaS) 
LaTeX Font Info:    Redeclaring symbol font `operators' on input line 28.
LaTeX Font Info:    Overwriting symbol font `operators' in version `normal'
(Font)                  OT1/cmr/m/n --> OT1/ztmcm/m/n on input line 28.
LaTeX Font Info:    Overwriting symbol font `operators' in version `bold'
(Font)                  OT1/cmr/bx/n --> OT1/ztmcm/m/n on input line 28.
LaTeX Font Info:    Redeclaring symbol font `letters' on input line 29.
LaTeX Font Info:    Overwriting symbol font `letters' in version `normal'
(Font)                  OML/cmm/m/it --> OML/ztmcm/m/it on input line 29.
LaTeX Font Info:    Overwriting symbol font `letters' in version `bold'
(Font)                  OML/cmm/b/it --> OML/ztmcm/m/it on input line 29.
LaTeX Font Info:    Redeclaring symbol font `symbols' on input line 30.
LaTeX Font Info:    Overwriting symbol font `symbols' in version `normal'
(Font)                  OMS/cmsy/m/n --> OMS/ztmcm/m/n on input line 30.
LaTeX Font Info:    Overwriting symbol font `symbols' in version `bold'
(Font)                  OMS/cmsy/b/n --> OMS/ztmcm/m/n on input line 30.
LaTeX Font Info:    Redeclaring symbol font `largesymbols' on input line 31.
LaTeX Font Info:    Overwriting symbol font `largesymbols' in version `normal'
(Font)                  OMX/cmex/m/n --> OMX/ztmcm/m/n on input line 31.
LaTeX Font Info:    Overwriting symbol font `largesymbols' in version `bold'
(Font)                  OMX/cmex/m/n --> OMX/ztmcm/m/n on input line 31.
\symbold=\mathgroup4
\symitalic=\mathgroup5
LaTeX Font Info:    Redeclaring math alphabet \mathbf on input line 34.
LaTeX Font Info:    Overwriting math alphabet `\mathbf' in version `normal'
(Font)                  OT1/cmr/bx/n --> OT1/ptm/bx/n on input line 34.
LaTeX Font Info:    Overwriting math alphabet `\mathbf' in version `bold'
(Font)                  OT1/cmr/bx/n --> OT1/ptm/bx/n on input line 34.
LaTeX Font Info:    Redeclaring math alphabet \mathit on input line 35.
LaTeX Font Info:    Overwriting math alphabet `\mathit' in version `normal'
(Font)                  OT1/cmr/m/it --> OT1/ptm/m/it on input line 35.
LaTeX Font Info:    Overwriting math alphabet `\mathit' in version `bold'
(Font)                  OT1/cmr/bx/it --> OT1/ptm/m/it on input line 35.
LaTeX Info: Redefining \hbar on input line 50.
)
(c:/w32tex/share/texmf/tex/latex/psnfss/helvet.sty
Package: helvet 2005/04/12 PSNFSS-v9.2a (WaS) 
)
(c:/w32tex/share/texmf/tex/latex/psnfss/courier.sty
Package: courier 2005/04/12 PSNFSS-v9.2a (WaS) 
)
(c:/w32tex/share/texmf/tex/latex/tools/array.sty
Package: array 2008/09/09 v2.4c Tabular extension package (FMi)
\col@sep=\dimen107
\extrarowheight=\dimen108
\NC@list=\toks16
\extratabsurround=\skip43
\backup@length=\skip44
)
\ieee@author@width=\skip45

(c:/w32tex/share/texmf/tex/latex/titlesec/titlesec.sty
Package: titlesec 2007/08/12 v2.8 Sectioning titles
\ttl@box=\box26
\beforetitleunit=\skip46
\aftertitleunit=\skip47
\ttl@plus=\dimen109
\ttl@minus=\dimen110
\ttl@toksa=\toks17
\titlewidth=\dimen111
\titlewidthlast=\dimen112
\titlewidthfirst=\dimen113
))
(c:/w32tex/share/texmf/tex/latex/graphics/graphicx.sty
Package: graphicx 1999/02/16 v1.0f Enhanced LaTeX Graphics (DPC,SPQR)

(c:/w32tex/share/texmf/tex/latex/graphics/graphics.sty
Package: graphics 2009/02/05 v1.0o Standard LaTeX Graphics (DPC,SPQR)

(c:/w32tex/share/texmf/tex/latex/graphics/trig.sty
Package: trig 1999/03/16 v1.09 sin cos tan (DPC)
)
(c:/w32tex/share/texmf/tex/xelatex/graphics/graphics.cfg
File: graphics.cfg 2005/10/12 v1.3b graphics configuration of teTeX/TeXLive, ex
tended for XeTeX
)
Package graphics Info: Driver file: xetex.def on input line 91.

(c:/w32tex/share/texmf/tex/xelatex/graphics/xetex.def
File: xetex.def 2006/08/10 v0.92 LaTeX color/graphics driver for XeTeX (RRM, mo
d. JK)
))
\Gin@req@height=\dimen114
\Gin@req@width=\dimen115
)
(c:/w32tex/share/texmf/tex/xelatex/arabxetex/arabxetex.sty
Package: arabxetex 2008/07/16 v1.1.2 ArabTeX-like interface for XeLaTeX

(c:/w32tex/share/texmf/tex/xelatex/bidi/bidi.sty
Package: bidi 2009/08/09 v1.0.3 <revision 82> Bidirectional typesetting in XeLa
TeX

(c:/w32tex/share/texmf/tex/latex/amslatex/amsmath.sty
Package: amsmath 2000/07/18 v2.13 AMS math features
\@mathmargin=\skip48

For additional information on amsmath, use the `?' option.
(c:/w32tex/share/texmf/tex/latex/amslatex/amstext.sty
Package: amstext 2000/06/29 v2.01

(c:/w32tex/share/texmf/tex/latex/amslatex/amsgen.sty
File: amsgen.sty 1999/11/30 v2.0
\@emptytoks=\toks18
\ex@=\dimen116
))
(c:/w32tex/share/texmf/tex/latex/amslatex/amsbsy.sty
Package: amsbsy 1999/11/29 v1.2d
\pmbraise@=\dimen117
)
(c:/w32tex/share/texmf/tex/latex/amslatex/amsopn.sty
Package: amsopn 1999/12/14 v2.01 operator names
)
\inf@bad=\count91
LaTeX Info: Redefining \frac on input line 211.
\uproot@=\count92
\leftroot@=\count93
LaTeX Info: Redefining \overline on input line 307.
\classnum@=\count94
\DOTSCASE@=\count95
LaTeX Info: Redefining \ldots on input line 379.
LaTeX Info: Redefining \dots on input line 382.
LaTeX Info: Redefining \cdots on input line 467.
\Mathstrutbox@=\box27
\strutbox@=\box28
\big@size=\dimen118
LaTeX Font Info:    Redeclaring font encoding OML on input line 567.
LaTeX Font Info:    Redeclaring font encoding OMS on input line 568.
\macc@depth=\count96
\c@MaxMatrixCols=\count97
\dotsspace@=\muskip10
\c@parentequation=\count98
\dspbrk@lvl=\count99
\tag@help=\toks19
\row@=\count100
\column@=\count101
\maxfields@=\count102
\andhelp@=\toks20
\eqnshift@=\dimen119
\alignsep@=\dimen120
\tagshift@=\dimen121
\tagwidth@=\dimen122
\totwidth@=\dimen123
\lineht@=\dimen124
\@envbody=\toks21
\multlinegap=\skip49
\multlinetaggap=\skip50
\mathdisplay@stack=\toks22
LaTeX Info: Redefining \[ on input line 2666.
LaTeX Info: Redefining \] on input line 2667.
)
\n@everypar=\toks23

(c:/w32tex/share/texmf/tex/xelatex/bidi/footnote-bidi.def)
(c:/w32tex/share/texmf/tex/xelatex/bidi/graphicx-bidi.def)
(c:/w32tex/share/texmf/tex/xelatex/bidi/array-bidi.def)
(c:/w32tex/share/texmf/tex/xelatex/bidi/article-bidi.def))
(c:/w32tex/share/texmf/tex/xelatex/fontspec/fontspec.sty
Package: fontspec 2008/08/09 v1.18 Advanced font selection for XeLaTeX

(c:/w32tex/share/texmf/tex/generic/ifxetex/ifxetex.sty
Package: ifxetex 2008/09/18 v0.4 Provides ifxetex conditional
)
\c@zf@newff=\count103
\c@zf@index=\count104
\c@zf@script=\count105
\c@zf@language=\count106

(c:/w32tex/share/texmf/tex/latex/tools/calc.sty
Package: calc 2007/08/22 v4.3 Infix arithmetic (KKT,FJ)
\calc@Acount=\count107
\calc@Bcount=\count108
\calc@Adimen=\dimen125
\calc@Bdimen=\dimen126
\calc@Askip=\skip51
\calc@Bskip=\skip52
LaTeX Info: Redefining \setlength on input line 76.
LaTeX Info: Redefining \addtolength on input line 77.
\calc@Ccount=\count109
\calc@Cskip=\skip53
)
(c:/w32tex/share/texmf/tex/xelatex/xkeyval/xkeyval.sty
Package: xkeyval 2005/11/25 v2.5e package option processing (HA)

(c:/w32tex/share/texmf/tex/xelatex/xkeyval/xkeyval.tex
\XKV@toks=\toks24
\XKV@depth=\count110
File: xkeyval.tex 2005/11/25 v2.5e key=value parser (HA)
))
(c:/w32tex/share/texmf/tex/latex/base/fontenc.sty
Package: fontenc 2005/09/27 v1.99g Standard LaTeX package

(c:/w32tex/share/texmf/tex/xelatex/euenc/eu1enc.def
File: eu1enc.def 2008/03/08 v0.1d Experimental unicode font encoding
)
LaTeX Font Info:    Try loading font information for EU1+lmr on input line 100.


(c:/w32tex/share/texmf/tex/xelatex/euenc/eu1lmr.fd
File: eu1lmr.fd 2007/01/14 v1.3 Font defs for Latin Modern
))
LaTeX Info: Redefining \itshape on input line 1163.
LaTeX Info: Redefining \slshape on input line 1166.
LaTeX Info: Redefining \scshape on input line 1169.
LaTeX Info: Redefining \upshape on input line 1172.

fontspec.cfg loaded.
(c:/w32tex/share/texmf/tex/xelatex/fontspec/fontspec.cfg)))
(c:/w32tex/share/texmf/tex/xelatex/xunicode/xunicode.sty
File: xunicode.sty 2008/02/08 v0.91 provides access to latin accents and many o
ther characters in Unicode lower plane
)
(c:/w32tex/share/texmf/tex/xelatex/xltxtra/xltxtra.sty
Package: xltxtra 2009/09/02 v0.5 Improvements for the "XeLaTeX" format

(c:/w32tex/share/texmf/tex/latex/metalogo/metalogo.sty
Package: metalogo 2009/09/04 v0.11 Extended TeX logo macros
\xl@everylogo=\toks25
\xl@@everylogo=\toks26
LaTeX Info: Redefining \TeX on input line 193.
LaTeX Info: Redefining \LaTeX on input line 202.
LaTeX Info: Redefining \LaTeXe on input line 219.
LaTeX Info: Redefining \XeTeX on input line 234.
LaTeX Info: Redefining \XeLaTeX on input line 235.
)
(c:/w32tex/share/texmf/tex/latex/etex/etex.sty
Package: etex 1998/03/26 v2.0 eTeX basic definition package (PEB)
\et@xins=\count111
)
(c:/w32tex/share/texmf/tex/latex/base/fixltx2e.sty
Package: fixltx2e 2006/09/13 v1.1m fixes to LaTeX
LaTeX Info: Redefining \em on input line 420.
LaTeX Info: The control sequence `\[' is already robust on input line 471.
LaTeX Info: The control sequence `\]' is already robust on input line 472.
)
LaTeX Info: Redefining \em on input line 72.
LaTeX Info: Redefining \emph on input line 81.
LaTeX Info: Redefining \- on input line 86.
LaTeX Info: Redefining \textsubscript on input line 105.
LaTeX Info: Redefining \textsuperscript on input line 107.
\xxt@tempbox=\box29
)
Package fontspec Info: Minion Pro scale = 0.98627 on input line 10.
\c@zf@famc@Minion Pro=\count112
Package fontspec Info: Defining font family for 'Minion Pro' with options [Scal
e=MatchLowercase,Mapping=tex-text] on input line 10.
Package fontspec Info: Minion Pro scale = 0.98627 on input line 10.
Package fontspec Info: Minion Pro scale = 0.98627 on input line 10.
Package fontspec Info: Minion Pro/B scale = 0.97955 on input line 10.
Package fontspec Info: Minion Pro/B scale = 0.97955 on input line 10.
Package fontspec Info: Minion Pro/I scale = 0.95992 on input line 10.
Package fontspec Info: Minion Pro/I scale = 0.95992 on input line 10.
Package fontspec Info: Minion Pro/BI scale = 0.95354 on input line 10.
Package fontspec Info: Minion Pro/BI scale = 0.95354 on input line 10.
LaTeX Font Info:    Font shape `EU1/MinionPro(0)/m/n' will be
(Font)              scaled to size 9.86267pt on input line 10.
Package fontspec Info: Myriad Pro scale = 0.89049 on input line 11.
\c@zf@famc@Myriad Pro=\count113
Package fontspec Info: Defining font family for 'Myriad Pro' with options [Scal
e=MatchLowercase,Mapping=tex-text] on input line 11.
Package fontspec Info: Myriad Pro scale = 0.89049 on input line 11.
Package fontspec Info: Myriad Pro/B scale = 0.8814 on input line 11.
Package fontspec Info: Myriad Pro/I scale = 0.89049 on input line 11.
Package fontspec Info: Myriad Pro/BI scale = 0.8814 on input line 11.
Package fontspec Info: Courier New scale = 1.01927 on input line 12.
\c@zf@famc@Courier New=\count114
Package fontspec Info: Defining font family for 'Courier New' with options [Sca
le=MatchLowercase,] on input line 12.
Package fontspec Info: Courier New scale = 1.01927 on input line 12.
Package fontspec Info: Courier New/B scale = 0.97212 on input line 12.
Package fontspec Info: Courier New/I scale = 1.01927 on input line 12.
Package fontspec Info: Courier New/BI scale = 0.97212 on input line 12.
Package fontspec Info: Adobe Arabic scale = 1.38351 on input line 13.
\c@zf@famc@Adobe Arabic=\count115
Package fontspec Info: Defining font family for 'Adobe Arabic' with options [Sc
ale=MatchLowercase,Script=Arabic,Scale=1.5] on input line 13.
Package fontspec Info: Adobe Arabic scale = 1.38351 on input line 13.
Package fontspec Info: Adobe Arabic/B scale = 1.37062 on input line 13.
Package fontspec Info: Adobe Arabic/I scale = 1.34761 on input line 13.
Package fontspec Info: Adobe Arabic/BI scale = 1.33537 on input line 13.

(./jawi-unicode-compliant-font.aux)
\openout1 = `jawi-unicode-compliant-font.aux'.

LaTeX Font Info:    Checking defaults for OML/cmm/m/it on input line 26.
LaTeX Font Info:    ... okay on input line 26.
LaTeX Font Info:    Checking defaults for T1/cmr/m/n on input line 26.
LaTeX Font Info:    ... okay on input line 26.
LaTeX Font Info:    Checking defaults for OT1/cmr/m/n on input line 26.
LaTeX Font Info:    ... okay on input line 26.
LaTeX Font Info:    Checking defaults for OMS/cmsy/m/n on input line 26.
LaTeX Font Info:    ... okay on input line 26.
LaTeX Font Info:    Checking defaults for OMX/cmex/m/n on input line 26.
LaTeX Font Info:    ... okay on input line 26.
LaTeX Font Info:    Checking defaults for U/cmr/m/n on input line 26.
LaTeX Font Info:    ... okay on input line 26.
LaTeX Font Info:    Checking defaults for EU1/lmr/m/n on input line 26.
LaTeX Font Info:    ... okay on input line 26.
LaTeX Font Info:    Font shape `EU1/MinionPro(0)/m/n' will be
(Font)              scaled to size 11.8352pt on input line 26.

*geometry detected driver: pdftex*
-------------------- Geometry parameters
paper: a4paper
landscape: --
twocolumn: true
twoside: --
asymmetric: --
h-parts: 63.87643pt, 469.75499pt, 63.87645pt
v-parts: 72.26999pt, 641.39624pt, 131.38062pt
hmarginratio: 1:1
vmarginratio: --
lines: --
heightrounded: --
bindingoffset: 0.0pt
truedimen: --
includehead: --
includefoot: --
includemp: --
driver: pdftex
-------------------- Page layout dimensions and switches
\paperwidth  597.50787pt
\paperheight 845.04684pt
\textwidth  469.75499pt
\textheight 641.39624pt
\oddsidemargin  -8.39355pt
\evensidemargin -8.39355pt
\topmargin  0.0pt
\headheight 0.0pt
\headsep    0.0pt
\footskip   0.0pt
\marginparwidth 4.0pt
\marginparsep   10.0pt
\columnsep  27.10124pt
\skip\footins  10.8pt plus 4.0pt minus 2.0pt
\hoffset 0.0pt
\voffset 0.0pt
\mag 1000
\@twocolumntrue 
(1in=72.27pt, 1cm=28.45pt)
-----------------------
LaTeX Font Info:    Font shape `EU1/MinionPro(0)/bx/n' will be
(Font)              scaled to size 11.75464pt on input line 27.
LaTeX Font Info:    Font shape `EU1/MinionPro(0)/bx/n' will be
(Font)              scaled to size 13.71375pt on input line 27.
LaTeX Font Info:    Try loading font information for OT1+ztmcm on input line 27
.
(c:/w32tex/share/texmf/tex/latex/psnfss/ot1ztmcm.fd
File: ot1ztmcm.fd 2000/01/03 Fontinst v1.801 font definitions for OT1/ztmcm.
)
LaTeX Font Info:    Try loading font information for OML+ztmcm on input line 27
.

(c:/w32tex/share/texmf/tex/latex/psnfss/omlztmcm.fd
File: omlztmcm.fd 2000/01/03 Fontinst v1.801 font definitions for OML/ztmcm.
)
LaTeX Font Info:    Try loading font information for OMS+ztmcm on input line 27
.

(c:/w32tex/share/texmf/tex/latex/psnfss/omsztmcm.fd
File: omsztmcm.fd 2000/01/03 Fontinst v1.801 font definitions for OMS/ztmcm.
)
LaTeX Font Info:    Try loading font information for OMX+ztmcm on input line 27
.

(c:/w32tex/share/texmf/tex/latex/psnfss/omxztmcm.fd
File: omxztmcm.fd 2000/01/03 Fontinst v1.801 font definitions for OMX/ztmcm.
)
LaTeX Font Info:    Try loading font information for OT1+ptm on input line 27.

(c:/w32tex/share/texmf/tex/latex/psnfss/ot1ptm.fd
File: ot1ptm.fd 2001/06/04 font definitions for OT1/ptm.
)
LaTeX Font Info:    Font shape `OT1/ptm/bx/n' in size <12> not available
(Font)              Font shape `OT1/ptm/b/n' tried instead on input line 27.
LaTeX Font Info:    Font shape `OT1/ptm/bx/n' in size <9> not available
(Font)              Font shape `OT1/ptm/b/n' tried instead on input line 27.
LaTeX Font Info:    Font shape `OT1/ptm/bx/n' in size <7> not available
(Font)              Font shape `OT1/ptm/b/n' tried instead on input line 27.
LaTeX Font Info:    Font shape `EU1/MinionPro(0)/m/it' will be
(Font)              scaled to size 11.51898pt on input line 27.
LaTeX Font Info:    Font shape `EU1/AdobeArabic(0)/m/n' will be
(Font)              scaled to size 18.0pt on input line 42.
Package fontspec Info: Adobe Arabic scale = 1.38351 on input line 42.
Package fontspec Info: Defining font family for 'Adobe Arabic' with options [Sc
ale=MatchLowercase,Script=Arabic,Scale=1.5,Mapping=arabtex-fdf2alif-novoc] on i
nput line 42.
Package fontspec Info: Adobe Arabic scale = 1.38351 on input line 42.
Package fontspec Info: Adobe Arabic/B scale = 1.37062 on input line 42.
Package fontspec Info: Adobe Arabic/I scale = 1.34761 on input line 42.
Package fontspec Info: Adobe Arabic/BI scale = 1.33537 on input line 42.
LaTeX Font Info:    Font shape `EU1/AdobeArabic(1)/m/n' will be
(Font)              scaled to size 18.0pt on input line 42.
Font mapping `arabtex-fdf2alif-novoc.tec' for font `Adobe Arabic Regular' not f
ound.
LaTeX Font Info:    Font shape `EU1/MinionPro(0)/bx/n' will be
(Font)              scaled to size 10.77509pt on input line 45.
Package fontspec Info: Arabic Typesetting scale = 1.54585 on input line 47.
\c@zf@famc@Arabic Typesetting=\count116
Package fontspec Info: Defining font family for 'Arabic Typesetting' with optio
ns [Scale=MatchLowercase,Script=Arabic,Scale=1.5] on input line 47.
Package fontspec Info: Arabic Typesetting scale = 1.54585 on input line 47.
Package fontspec Info: Could not resolve font Arabic Typesetting/B (it might no
t exist) on input line 47.
Package fontspec Info: Could not resolve font Arabic Typesetting/I (it might no
t exist) on input line 47.
Package fontspec Info: Could not resolve font Arabic Typesetting/BI (it might n
ot exist) on input line 47.
LaTeX Info: Redefining \arabicfont on input line 47.
LaTeX Font Info:    Font shape `EU1/ArabicTypesetting(0)/m/n' will be
(Font)              scaled to size 18.0pt on input line 50.
Package fontspec Info: Arabic Typesetting scale = 1.54585 on input line 50.
Package fontspec Info: Defining font family for 'Arabic Typesetting' with optio
ns [Scale=MatchLowercase,Script=Arabic,Scale=1.5,Mapping=arabtex-fdf2alif-novoc
] on input line 50.
Package fontspec Info: Arabic Typesetting scale = 1.54585 on input line 50.
Package fontspec Info: Could not resolve font Arabic Typesetting/B (it might no
t exist) on input line 50.
Package fontspec Info: Could not resolve font Arabic Typesetting/I (it might no
t exist) on input line 50.
Package fontspec Info: Could not resolve font Arabic Typesetting/BI (it might n
ot exist) on input line 50.
LaTeX Font Info:    Font shape `EU1/ArabicTypesetting(1)/m/n' will be
(Font)              scaled to size 18.0pt on input line 50.
Font mapping `arabtex-fdf2alif-novoc.tec' for font `Arabic Typesetting' not fou
nd.
Package fontspec Info: KFGQPC Uthman Taha Naskh scale = 0.76755 on input line 6
7.
\c@zf@famc@KFGQPC Uthman Taha Naskh=\count117
Package fontspec Info: Defining font family for 'KFGQPC Uthman Taha Naskh' with
 options [Scale=MatchLowercase,Script=Arabic,Scale=1.5] on input line 67.
Package fontspec Info: KFGQPC Uthman Taha Naskh scale = 0.76755 on input line 6
7.
Package fontspec Info: Could not resolve font KFGQPC Uthman Taha Naskh/B (it mi
ght not exist) on input line 67.
Package fontspec Info: Could not resolve font KFGQPC Uthman Taha Naskh/I (it mi
ght not exist) on input line 67.
Package fontspec Info: Could not resolve font KFGQPC Uthman Taha Naskh/BI (it m
ight not exist) on input line 67.
LaTeX Info: Redefining \arabicfont on input line 67.
LaTeX Font Info:    Font shape `EU1/KFGQPCUthmanTahaNaskh(0)/m/n' will be
(Font)              scaled to size 18.0pt on input line 69.
Package fontspec Info: KFGQPC Uthman Taha Naskh scale = 0.76755 on input line 6
9.
Package fontspec Info: Defining font family for 'KFGQPC Uthman Taha Naskh' with
 options [Scale=MatchLowercase,Script=Arabic,Scale=1.5,Mapping=arabtex-fdf2alif
-novoc] on input line 69.
Package fontspec Info: KFGQPC Uthman Taha Naskh scale = 0.76755 on input line 6
9.
Package fontspec Info: Could not resolve font KFGQPC Uthman Taha Naskh/B (it mi
ght not exist) on input line 69.
Package fontspec Info: Could not resolve font KFGQPC Uthman Taha Naskh/I (it mi
ght not exist) on input line 69.
Package fontspec Info: Could not resolve font KFGQPC Uthman Taha Naskh/BI (it m
ight not exist) on input line 69.
LaTeX Font Info:    Font shape `EU1/KFGQPCUthmanTahaNaskh(1)/m/n' will be
(Font)              scaled to size 18.0pt on input line 69.
Font mapping `arabtex-fdf2alif-novoc.tec' for font `KFGQPC Uthman Taha Naskh' n
ot found.
Missing character: There is no ڤ in font KFGQPC Uthman Taha Naskh/ICU:script=a
rab,mapping=arabtex-fdf2alif-novoc,!
Missing character: There is no ڤ in font KFGQPC Uthman Taha Naskh/ICU:script=a
rab,mapping=arabtex-fdf2alif-novoc,!
Missing character: There is no ڽ in font KFGQPC Uthman Taha Naskh/ICU:script=a
rab,mapping=arabtex-fdf2alif-novoc,!
Missing character: There is no ڤ in font KFGQPC Uthman Taha Naskh/ICU:script=a
rab,mapping=arabtex-fdf2alif-novoc,!
Missing character: There is no ڬ in font KFGQPC Uthman Taha Naskh/ICU:script=a
rab,mapping=arabtex-fdf2alif-novoc,!
Missing character: There is no ڬ in font KFGQPC Uthman Taha Naskh/ICU:script=a
rab,mapping=arabtex-fdf2alif-novoc,!
Missing character: There is no ڬ in font KFGQPC Uthman Taha Naskh/ICU:script=a
rab,mapping=arabtex-fdf2alif-novoc,!
Missing character: There is no ۏ in font KFGQPC Uthman Taha Naskh/ICU:script=a
rab,mapping=arabtex-fdf2alif-novoc,!
Missing character: There is no ڠ in font KFGQPC Uthman Taha Naskh/ICU:script=a
rab,mapping=arabtex-fdf2alif-novoc,!
Package fontspec Info: Times New Roman scale = 0.96362 on input line 83.
\c@zf@famc@Times New Roman=\count118
Package fontspec Info: Defining font family for 'Times New Roman' with options 
[Scale=MatchLowercase,Script=Arabic,Scale=1.5] on input line 83.
Package fontspec Info: Times New Roman scale = 0.96362 on input line 83.
Package fontspec Info: Times New Roman/B scale = 0.94405 on input line 83.
Package fontspec Info: Times New Roman/I scale = 0.97534 on input line 83.
Package fontspec Info: Times New Roman/BI scale = 0.9522 on input line 83.
LaTeX Info: Redefining \arabicfont on input line 83.
LaTeX Font Info:    Font shape `EU1/TimesNewRoman(0)/m/n' will be
(Font)              scaled to size 18.0pt on input line 86.
Package fontspec Info: Times New Roman scale = 0.96362 on input line 86.
Package fontspec Info: Defining font family for 'Times New Roman' with options 
[Scale=MatchLowercase,Script=Arabic,Scale=1.5,Mapping=arabtex-fdf2alif-novoc] o
n input line 86.
Package fontspec Info: Times New Roman scale = 0.96362 on input line 86.
Package fontspec Info: Times New Roman/B scale = 0.94405 on input line 86.
Package fontspec Info: Times New Roman/I scale = 0.97534 on input line 86.
Package fontspec Info: Times New Roman/BI scale = 0.9522 on input line 86.
LaTeX Font Info:    Font shape `EU1/TimesNewRoman(1)/m/n' will be
(Font)              scaled to size 18.0pt on input line 86.
Font mapping `arabtex-fdf2alif-novoc.tec' for font `Times New Roman' not found.
 [1


]
Package fontspec Info: K-Jawi Arial scale = 0.83115 on input line 101.
\c@zf@famc@K-Jawi Arial=\count119
Package fontspec Info: Defining font family for 'K-Jawi Arial' with options [Sc
ale=MatchLowercase,Script=Arabic,Scale=1.5] on input line 101.
Package fontspec Info: K-Jawi Arial scale = 0.83115 on input line 101.
Package fontspec Info: Could not resolve font K-Jawi Arial/B (it might not exis
t) on input line 101.
Package fontspec Info: Could not resolve font K-Jawi Arial/I (it might not exis
t) on input line 101.
Package fontspec Info: Could not resolve font K-Jawi Arial/BI (it might not exi
st) on input line 101.
LaTeX Info: Redefining \arabicfont on input line 101.
LaTeX Font Info:    Font shape `EU1/K-JawiArial(0)/m/n' will be
(Font)              scaled to size 18.0pt on input line 104.
Package fontspec Info: K-Jawi Arial scale = 0.83115 on input line 104.
Package fontspec Info: Defining font family for 'K-Jawi Arial' with options [Sc
ale=MatchLowercase,Script=Arabic,Scale=1.5,Mapping=arabtex-fdf2alif-novoc] on i
nput line 104.
Package fontspec Info: K-Jawi Arial scale = 0.83115 on input line 104.
Package fontspec Info: Could not resolve font K-Jawi Arial/B (it might not exis
t) on input line 104.
Package fontspec Info: Could not resolve font K-Jawi Arial/I (it might not exis
t) on input line 104.
Package fontspec Info: Could not resolve font K-Jawi Arial/BI (it might not exi
st) on input line 104.
LaTeX Font Info:    Font shape `EU1/K-JawiArial(1)/m/n' will be
(Font)              scaled to size 18.0pt on input line 104.
Font mapping `arabtex-fdf2alif-novoc.tec' for font `K-Jawi Arial' not found.
Package fontspec Info: K-Jawi Diwani scale = 0.83115 on input line 118.
\c@zf@famc@K-Jawi Diwani=\count120
Package fontspec Info: Defining font family for 'K-Jawi Diwani' with options [S
cale=MatchLowercase,Script=Arabic,Scale=1.5] on input line 118.
Package fontspec Info: K-Jawi Diwani scale = 0.83115 on input line 118.
Package fontspec Info: Could not resolve font K-Jawi Diwani/B (it might not exi
st) on input line 118.
Package fontspec Info: Could not resolve font K-Jawi Diwani/I (it might not exi
st) on input line 118.
Package fontspec Info: Could not resolve font K-Jawi Diwani/BI (it might not ex
ist) on input line 118.
LaTeX Info: Redefining \arabicfont on input line 118.
LaTeX Font Info:    Font shape `EU1/K-JawiDiwani(0)/m/n' will be
(Font)              scaled to size 18.0pt on input line 121.
Package fontspec Info: K-Jawi Diwani scale = 0.83115 on input line 121.
Package fontspec Info: Defining font family for 'K-Jawi Diwani' with options [S
cale=MatchLowercase,Script=Arabic,Scale=1.5,Mapping=arabtex-fdf2alif-novoc] on 
input line 121.
Package fontspec Info: K-Jawi Diwani scale = 0.83115 on input line 121.
Package fontspec Info: Could not resolve font K-Jawi Diwani/B (it might not exi
st) on input line 121.
Package fontspec Info: Could not resolve font K-Jawi Diwani/I (it might not exi
st) on input line 121.
Package fontspec Info: Could not resolve font K-Jawi Diwani/BI (it might not ex
ist) on input line 121.
LaTeX Font Info:    Font shape `EU1/K-JawiDiwani(1)/m/n' will be
(Font)              scaled to size 18.0pt on input line 121.
Font mapping `arabtex-fdf2alif-novoc.tec' for font `K-Jawi Diwani' not found.
Package fontspec Info: K-Jawi Diwani scale = 0.83115 on input line 135.
Missing character: There is no ݢ in font K-Jawi Diwani/ICU:script=arab,mapping
=arabtex-fdf2alif-novoc,!
Package fontspec Info: K-Jawi Nasakh scale = 0.83115 on input line 136.
\c@zf@famc@K-Jawi Nasakh=\count121
Package fontspec Info: Defining font family for 'K-Jawi Nasakh' with options [S
cale=MatchLowercase,Script=Arabic,Scale=1.5] on input line 136.
Package fontspec Info: K-Jawi Nasakh scale = 0.83115 on input line 136.
Package fontspec Info: Could not resolve font K-Jawi Nasakh/B (it might not exi
st) on input line 136.
Package fontspec Info: Could not resolve font K-Jawi Nasakh/I (it might not exi
st) on input line 136.
Package fontspec Info: Could not resolve font K-Jawi Nasakh/BI (it might not ex
ist) on input line 136.
LaTeX Info: Redefining \arabicfont on input line 136.
LaTeX Font Info:    Font shape `EU1/K-JawiNasakh(0)/m/n' will be
(Font)              scaled to size 18.0pt on input line 139.
Package fontspec Info: K-Jawi Nasakh scale = 0.83115 on input line 139.
Package fontspec Info: Defining font family for 'K-Jawi Nasakh' with options [S
cale=MatchLowercase,Script=Arabic,Scale=1.5,Mapping=arabtex-fdf2alif-novoc] on 
input line 139.
Package fontspec Info: K-Jawi Nasakh scale = 0.83115 on input line 139.
Package fontspec Info: Could not resolve font K-Jawi Nasakh/B (it might not exi
st) on input line 139.
Package fontspec Info: Could not resolve font K-Jawi Nasakh/I (it might not exi
st) on input line 139.
Package fontspec Info: Could not resolve font K-Jawi Nasakh/BI (it might not ex
ist) on input line 139.
LaTeX Font Info:    Font shape `EU1/K-JawiNasakh(1)/m/n' will be
(Font)              scaled to size 18.0pt on input line 139.
Font mapping `arabtex-fdf2alif-novoc.tec' for font `K-Jawi Nasakh' not found.
Package fontspec Info: Scheherazade scale = 1.27925 on input line 170.
\c@zf@famc@Scheherazade=\count122
Package fontspec Info: Defining font family for 'Scheherazade' with options [Sc
ale=MatchLowercase,Script=Arabic,Scale=1.5] on input line 170.
Package fontspec Info: Scheherazade scale = 1.27925 on input line 170.
Package fontspec Info: Could not resolve font Scheherazade/B (it might not exis
t) on input line 170.
Package fontspec Info: Could not resolve font Scheherazade/I (it might not exis
t) on input line 170.
Package fontspec Info: Could not resolve font Scheherazade/BI (it might not exi
st) on input line 170.
LaTeX Info: Redefining \arabicfont on input line 170.
LaTeX Font Info:    Font shape `EU1/Scheherazade(0)/m/n' will be
(Font)              scaled to size 18.0pt on input line 173.
Package fontspec Info: Scheherazade scale = 1.27925 on input line 173.
Package fontspec Info: Defining font family for 'Scheherazade' with options [Sc
ale=MatchLowercase,Script=Arabic,Scale=1.5,Mapping=arabtex-fdf2alif-novoc] on i
nput line 173.
Package fontspec Info: Scheherazade scale = 1.27925 on input line 173.
Package fontspec Info: Could not resolve font Scheherazade/B (it might not exis
t) on input line 173.
Package fontspec Info: Could not resolve font Scheherazade/I (it might not exis
t) on input line 173.
Package fontspec Info: Could not resolve font Scheherazade/BI (it might not exi
st) on input line 173.
LaTeX Font Info:    Font shape `EU1/Scheherazade(1)/m/n' will be
(Font)              scaled to size 18.0pt on input line 173.
Font mapping `arabtex-fdf2alif-novoc.tec' for font `Scheherazade' not found.
Package fontspec Info: Lateef scale = 1.27925 on input line 187.
\c@zf@famc@Lateef=\count123
Package fontspec Info: Defining font family for 'Lateef' with options [Scale=Ma
tchLowercase,Script=Arabic,Scale=1.5] on input line 187.
Package fontspec Info: Lateef scale = 1.27925 on input line 187.
Package fontspec Info: Could not resolve font Lateef/B (it might not exist) on 
input line 187.
Package fontspec Info: Could not resolve font Lateef/I (it might not exist) on 
input line 187.
Package fontspec Info: Could not resolve font Lateef/BI (it might not exist) on
 input line 187.
LaTeX Info: Redefining \arabicfont on input line 187.
LaTeX Font Info:    Font shape `EU1/Lateef(0)/m/n' will be
(Font)              scaled to size 18.0pt on input line 190.
Package fontspec Info: Lateef scale = 1.27925 on input line 190.
Package fontspec Info: Defining font family for 'Lateef' with options [Scale=Ma
tchLowercase,Script=Arabic,Scale=1.5,Mapping=arabtex-fdf2alif-novoc] on input l
ine 190.
Package fontspec Info: Lateef scale = 1.27925 on input line 190.
Package fontspec Info: Could not resolve font Lateef/B (it might not exist) on 
input line 190.
Package fontspec Info: Could not resolve font Lateef/I (it might not exist) on 
input line 190.
Package fontspec Info: Could not resolve font Lateef/BI (it might not exist) on
 input line 190.
LaTeX Font Info:    Font shape `EU1/Lateef(1)/m/n' will be
(Font)              scaled to size 18.0pt on input line 190.
Font mapping `arabtex-fdf2alif-novoc.tec' for font `Lateef' not found.
Package fontspec Info: Andalus scale = 0.84468 on input line 204.
\c@zf@famc@Andalus=\count124
Package fontspec Info: Defining font family for 'Andalus' with options [Scale=M
atchLowercase,Script=Arabic,Scale=1.5] on input line 204.
Package fontspec Info: Andalus scale = 0.84468 on input line 204.
Package fontspec Info: Could not resolve font Andalus/B (it might not exist) on
 input line 204.
Package fontspec Info: Could not resolve font Andalus/I (it might not exist) on
 input line 204.
Package fontspec Info: Could not resolve font Andalus/BI (it might not exist) o
n input line 204.
LaTeX Info: Redefining \arabicfont on input line 204.
LaTeX Font Info:    Font shape `EU1/Andalus(0)/m/n' will be
(Font)              scaled to size 18.0pt on input line 207.
Package fontspec Info: Andalus scale = 0.84468 on input line 207.
Package fontspec Info: Defining font family for 'Andalus' with options [Scale=M
atchLowercase,Script=Arabic,Scale=1.5,Mapping=arabtex-fdf2alif-novoc] on input 
line 207.
Package fontspec Info: Andalus scale = 0.84468 on input line 207.
Package fontspec Info: Could not resolve font Andalus/B (it might not exist) on
 input line 207.
Package fontspec Info: Could not resolve font Andalus/I (it might not exist) on
 input line 207.
Package fontspec Info: Could not resolve font Andalus/BI (it might not exist) o
n input line 207.
LaTeX Font Info:    Font shape `EU1/Andalus(1)/m/n' will be
(Font)              scaled to size 18.0pt on input line 207.
Font mapping `arabtex-fdf2alif-novoc.tec' for font `Andalus' not found.
Missing character: There is no ڽ in font Andalus/ICU:script=arab,mapping=arabt
ex-fdf2alif-novoc,!
Missing character: There is no ڬ in font Andalus/ICU:script=arab,mapping=arabt
ex-fdf2alif-novoc,!
Missing character: There is no ڬ in font Andalus/ICU:script=arab,mapping=arabt
ex-fdf2alif-novoc,!
Missing character: There is no ڬ in font Andalus/ICU:script=arab,mapping=arabt
ex-fdf2alif-novoc,!
Missing character: There is no ۏ in font Andalus/ICU:script=arab,mapping=arabt
ex-fdf2alif-novoc,!
Missing character: There is no ڠ in font Andalus/ICU:script=arab,mapping=arabt
ex-fdf2alif-novoc,!
Package fontspec Info: Arial scale = 0.83115 on input line 221.
\c@zf@famc@Arial=\count125
Package fontspec Info: Defining font family for 'Arial' with options [Scale=Mat
chLowercase,Script=Arabic,Scale=1.5] on input line 221.
Package fontspec Info: Arial scale = 0.83115 on input line 221.
Package fontspec Info: Arial/B scale = 0.83115 on input line 221.
Package fontspec Info: Arial/I scale = 0.83115 on input line 221.
Package fontspec Info: Arial/BI scale = 0.83115 on input line 221.
LaTeX Info: Redefining \arabicfont on input line 221.
LaTeX Font Info:    Font shape `EU1/Arial(0)/m/n' will be
(Font)              scaled to size 18.0pt on input line 224.
Package fontspec Info: Arial scale = 0.83115 on input line 224.
Package fontspec Info: Defining font family for 'Arial' with options [Scale=Mat
chLowercase,Script=Arabic,Scale=1.5,Mapping=arabtex-fdf2alif-novoc] on input li
ne 224.
Package fontspec Info: Arial scale = 0.83115 on input line 224.
Package fontspec Info: Arial/B scale = 0.83115 on input line 224.
Package fontspec Info: Arial/I scale = 0.83115 on input line 224.
Package fontspec Info: Arial/BI scale = 0.83115 on input line 224.
LaTeX Font Info:    Font shape `EU1/Arial(1)/m/n' will be
(Font)              scaled to size 18.0pt on input line 224.
Font mapping `arabtex-fdf2alif-novoc.tec' for font `Arial' not found.
Package fontspec Info: KacstLetter scale = 0.8889 on input line 238.
\c@zf@famc@KacstLetter=\count126
Package fontspec Info: Defining font family for 'KacstLetter' with options [Sca
le=MatchLowercase,Script=Arabic,Scale=1.5] on input line 238.
Package fontspec Info: KacstLetter scale = 0.8889 on input line 238.
Package fontspec Info: Could not resolve font KacstLetter/B (it might not exist
) on input line 238.
Package fontspec Info: Could not resolve font KacstLetter/I (it might not exist
) on input line 238.
Package fontspec Info: Could not resolve font KacstLetter/BI (it might not exis
t) on input line 238.
LaTeX Info: Redefining \arabicfont on input line 238.
LaTeX Font Info:    Font shape `EU1/KacstLetter(0)/m/n' will be
(Font)              scaled to size 18.0pt on input line 241.
Package fontspec Info: KacstLetter scale = 0.8889 on input line 241.
Package fontspec Info: Defining font family for 'KacstLetter' with options [Sca
le=MatchLowercase,Script=Arabic,Scale=1.5,Mapping=arabtex-fdf2alif-novoc] on in
put line 241.
Package fontspec Info: KacstLetter scale = 0.8889 on input line 241.
Package fontspec Info: Could not resolve font KacstLetter/B (it might not exist
) on input line 241.
Package fontspec Info: Could not resolve font KacstLetter/I (it might not exist
) on input line 241.
Package fontspec Info: Could not resolve font KacstLetter/BI (it might not exis
t) on input line 241.
LaTeX Font Info:    Font shape `EU1/KacstLetter(1)/m/n' will be
(Font)              scaled to size 18.0pt on input line 241.
Font mapping `arabtex-fdf2alif-novoc.tec' for font `KacstLetter' not found.
Missing character: There is no ک in font KacstLetter/ICU:script=arab,mapping=a
rabtex-fdf2alif-novoc,!
Missing character: There is no ڤ in font KacstLetter/ICU:script=arab,mapping=a
rabtex-fdf2alif-novoc,!
Missing character: There is no ڤ in font KacstLetter/ICU:script=arab,mapping=a
rabtex-fdf2alif-novoc,!
Missing character: There is no ڽ in font KacstLetter/ICU:script=arab,mapping=a
rabtex-fdf2alif-novoc,!
 [2]
Missing character: There is no ڤ in font KacstLetter/ICU:script=arab,mapping=a
rabtex-fdf2alif-novoc,!
Missing character: There is no ڬ in font KacstLetter/ICU:script=arab,mapping=a
rabtex-fdf2alif-novoc,!
Missing character: There is no ک in font KacstLetter/ICU:script=arab,mapping=a
rabtex-fdf2alif-novoc,!
Missing character: There is no چ in font KacstLetter/ICU:script=arab,mapping=a
rabtex-fdf2alif-novoc,!
Missing character: There is no ڬ in font KacstLetter/ICU:script=arab,mapping=a
rabtex-fdf2alif-novoc,!
Missing character: There is no ک in font KacstLetter/ICU:script=arab,mapping=a
rabtex-fdf2alif-novoc,!
Missing character: There is no ڬ in font KacstLetter/ICU:script=arab,mapping=a
rabtex-fdf2alif-novoc,!
Missing character: There is no ۏ in font KacstLetter/ICU:script=arab,mapping=a
rabtex-fdf2alif-novoc,!
Missing character: There is no ک in font KacstLetter/ICU:script=arab,mapping=a
rabtex-fdf2alif-novoc,!
Missing character: There is no ڠ in font KacstLetter/ICU:script=arab,mapping=a
rabtex-fdf2alif-novoc,!
Package fontspec Info: Simplified Arabic scale = 0.81354 on input line 255.
\c@zf@famc@Simplified Arabic=\count127
Package fontspec Info: Defining font family for 'Simplified Arabic' with option
s [Scale=MatchLowercase,Script=Arabic,Scale=1.5] on input line 255.
Package fontspec Info: Simplified Arabic scale = 0.81354 on input line 255.
Package fontspec Info: Simplified Arabic/B scale = 0.81354 on input line 255.
Package fontspec Info: Could not resolve font Simplified Arabic/I (it might not
 exist) on input line 255.
Package fontspec Info: Simplified Arabic/BI scale = 0.81354 on input line 255.
LaTeX Info: Redefining \arabicfont on input line 255.
LaTeX Font Info:    Font shape `EU1/SimplifiedArabic(0)/m/n' will be
(Font)              scaled to size 18.0pt on input line 258.
Package fontspec Info: Simplified Arabic scale = 0.81354 on input line 258.
Package fontspec Info: Defining font family for 'Simplified Arabic' with option
s [Scale=MatchLowercase,Script=Arabic,Scale=1.5,Mapping=arabtex-fdf2alif-novoc]
 on input line 258.
Package fontspec Info: Simplified Arabic scale = 0.81354 on input line 258.
Package fontspec Info: Simplified Arabic/B scale = 0.81354 on input line 258.
Package fontspec Info: Could not resolve font Simplified Arabic/I (it might not
 exist) on input line 258.
Package fontspec Info: Simplified Arabic/BI scale = 0.81354 on input line 258.
LaTeX Font Info:    Font shape `EU1/SimplifiedArabic(1)/m/n' will be
(Font)              scaled to size 18.0pt on input line 258.
Font mapping `arabtex-fdf2alif-novoc.tec' for font `Simplified Arabic' not foun
d.
Missing character: There is no ڽ in font Simplified Arabic/ICU:script=arab,map
ping=arabtex-fdf2alif-novoc,!
Missing character: There is no ڬ in font Simplified Arabic/ICU:script=arab,map
ping=arabtex-fdf2alif-novoc,!
Missing character: There is no ڬ in font Simplified Arabic/ICU:script=arab,map
ping=arabtex-fdf2alif-novoc,!
Missing character: There is no ڬ in font Simplified Arabic/ICU:script=arab,map
ping=arabtex-fdf2alif-novoc,!
Missing character: There is no ۏ in font Simplified Arabic/ICU:script=arab,map
ping=arabtex-fdf2alif-novoc,!
Missing character: There is no ڠ in font Simplified Arabic/ICU:script=arab,map
ping=arabtex-fdf2alif-novoc,!
Package fontspec Info: Simplified Arabic Fixed scale = 0.88712 on input line 27
2.
\c@zf@famc@Simplified Arabic Fixed=\count128
Package fontspec Info: Defining font family for 'Simplified Arabic Fixed' with 
options [Scale=MatchLowercase,Script=Arabic,Scale=1.5] on input line 272.
Package fontspec Info: Simplified Arabic Fixed scale = 0.88712 on input line 27
2.
Package fontspec Info: Could not resolve font Simplified Arabic Fixed/B (it mig
ht not exist) on input line 272.
Package fontspec Info: Could not resolve font Simplified Arabic Fixed/I (it mig
ht not exist) on input line 272.
Package fontspec Info: Could not resolve font Simplified Arabic Fixed/BI (it mi
ght not exist) on input line 272.
LaTeX Info: Redefining \arabicfont on input line 272.
LaTeX Font Info:    Font shape `EU1/SimplifiedArabicFixed(0)/m/n' will be
(Font)              scaled to size 18.0pt on input line 275.
Package fontspec Info: Simplified Arabic Fixed scale = 0.88712 on input line 27
5.
Package fontspec Info: Defining font family for 'Simplified Arabic Fixed' with 
options [Scale=MatchLowercase,Script=Arabic,Scale=1.5,Mapping=arabtex-fdf2alif-
novoc] on input line 275.
Package fontspec Info: Simplified Arabic Fixed scale = 0.88712 on input line 27
5.
Package fontspec Info: Could not resolve font Simplified Arabic Fixed/B (it mig
ht not exist) on input line 275.
Package fontspec Info: Could not resolve font Simplified Arabic Fixed/I (it mig
ht not exist) on input line 275.
Package fontspec Info: Could not resolve font Simplified Arabic Fixed/BI (it mi
ght not exist) on input line 275.
LaTeX Font Info:    Font shape `EU1/SimplifiedArabicFixed(1)/m/n' will be
(Font)              scaled to size 18.0pt on input line 275.
Font mapping `arabtex-fdf2alif-novoc.tec' for font `Simplified Arabic Fixed' no
t found.
Missing character: There is no ڽ in font Simplified Arabic Fixed/ICU:script=ar
ab,mapping=arabtex-fdf2alif-novoc,!
Missing character: There is no ڬ in font Simplified Arabic Fixed/ICU:script=ar
ab,mapping=arabtex-fdf2alif-novoc,!
Missing character: There is no ڬ in font Simplified Arabic Fixed/ICU:script=ar
ab,mapping=arabtex-fdf2alif-novoc,!
Missing character: There is no ڬ in font Simplified Arabic Fixed/ICU:script=ar
ab,mapping=arabtex-fdf2alif-novoc,!
Missing character: There is no ۏ in font Simplified Arabic Fixed/ICU:script=ar
ab,mapping=arabtex-fdf2alif-novoc,!
Missing character: There is no ڠ in font Simplified Arabic Fixed/ICU:script=ar
ab,mapping=arabtex-fdf2alif-novoc,!
Package fontspec Info: Traditional Arabic scale = 0.93903 on input line 289.
\c@zf@famc@Traditional Arabic=\count129
Package fontspec Info: Defining font family for 'Traditional Arabic' with optio
ns [Scale=MatchLowercase,Script=Arabic,Scale=1.5] on input line 289.
Package fontspec Info: Traditional Arabic scale = 0.93903 on input line 289.
Package fontspec Info: Traditional Arabic/B scale = 0.9147 on input line 289.
Package fontspec Info: Could not resolve font Traditional Arabic/I (it might no
t exist) on input line 289.
Package fontspec Info: Traditional Arabic/BI scale = 0.9147 on input line 289.
LaTeX Info: Redefining \arabicfont on input line 289.
LaTeX Font Info:    Font shape `EU1/TraditionalArabic(0)/m/n' will be
(Font)              scaled to size 18.0pt on input line 292.
Package fontspec Info: Traditional Arabic scale = 0.93903 on input line 292.
Package fontspec Info: Defining font family for 'Traditional Arabic' with optio
ns [Scale=MatchLowercase,Script=Arabic,Scale=1.5,Mapping=arabtex-fdf2alif-novoc
] on input line 292.
Package fontspec Info: Traditional Arabic scale = 0.93903 on input line 292.
Package fontspec Info: Traditional Arabic/B scale = 0.9147 on input line 292.
Package fontspec Info: Could not resolve font Traditional Arabic/I (it might no
t exist) on input line 292.
Package fontspec Info: Traditional Arabic/BI scale = 0.9147 on input line 292.
LaTeX Font Info:    Font shape `EU1/TraditionalArabic(1)/m/n' will be
(Font)              scaled to size 18.0pt on input line 292.
Font mapping `arabtex-fdf2alif-novoc.tec' for font `Traditional Arabic' not fou
nd.
Missing character: There is no ڽ in font Traditional Arabic/ICU:script=arab,ma
pping=arabtex-fdf2alif-novoc,!
Missing character: There is no ڬ in font Traditional Arabic/ICU:script=arab,ma
pping=arabtex-fdf2alif-novoc,!
Missing character: There is no ڬ in font Traditional Arabic/ICU:script=arab,ma
pping=arabtex-fdf2alif-novoc,!
Missing character: There is no ڬ in font Traditional Arabic/ICU:script=arab,ma
pping=arabtex-fdf2alif-novoc,!
Missing character: There is no ۏ in font Traditional Arabic/ICU:script=arab,ma
pping=arabtex-fdf2alif-novoc,!
Missing character: There is no ڠ in font Traditional Arabic/ICU:script=arab,ma
pping=arabtex-fdf2alif-novoc,!
Package fontspec Info: Sakkal Majalla scale = 1.27556 on input line 307.
\c@zf@famc@Sakkal Majalla=\count130
Package fontspec Info: Defining font family for 'Sakkal Majalla' with options [
Scale=MatchLowercase,Script=Arabic,Scale=1.5] on input line 307.
Package fontspec Info: Sakkal Majalla scale = 1.27556 on input line 307.
Package fontspec Info: Sakkal Majalla/B scale = 1.27556 on input line 307.
Package fontspec Info: Could not resolve font Sakkal Majalla/I (it might not ex
ist) on input line 307.
Package fontspec Info: Sakkal Majalla/BI scale = 1.27556 on input line 307.
LaTeX Info: Redefining \arabicfont on input line 307.
LaTeX Font Info:    Font shape `EU1/SakkalMajalla(0)/m/n' will be
(Font)              scaled to size 18.0pt on input line 310.
Package fontspec Info: Sakkal Majalla scale = 1.27556 on input line 310.
Package fontspec Info: Defining font family for 'Sakkal Majalla' with options [
Scale=MatchLowercase,Script=Arabic,Scale=1.5,Mapping=arabtex-fdf2alif-novoc] on
 input line 310.
Package fontspec Info: Sakkal Majalla scale = 1.27556 on input line 310.
Package fontspec Info: Sakkal Majalla/B scale = 1.27556 on input line 310.
Package fontspec Info: Could not resolve font Sakkal Majalla/I (it might not ex
ist) on input line 310.
Package fontspec Info: Sakkal Majalla/BI scale = 1.27556 on input line 310.
LaTeX Font Info:    Font shape `EU1/SakkalMajalla(1)/m/n' will be
(Font)              scaled to size 18.0pt on input line 310.
Font mapping `arabtex-fdf2alif-novoc.tec' for font `Sakkal Majalla' not found.
Package fontspec Info: Adobe Arabic scale = 1.38351 on input line 324.
LaTeX Info: Redefining \arabicfont on input line 324.
Package fontspec Info: Adobe Arabic scale = 1.38351 on input line 327.

Underfull \hbox (badness 1215) in paragraph at lines 341--343
[]\EU1/MinionPro(0)/m/n/12 There are currently only a few standard
 []

[3] (./jawi-unicode-compliant-font.aux) ) 
Here is how much of TeX's memory you used:
 7426 strings out of 494671
 125598 string characters out of 3166758
 194018 words of memory out of 1500000
 10411 multiletter control sequences out of 15000+200000
 12756 words of font info for 119 fonts, out of 2000000 for 2000
 669 hyphenation exceptions out of 8191
 41i,15n,59p,553b,325s stack positions out of 3000i,500n,5000p,500000b,5000s

Output written on jawi-unicode-compliant-font.pdf (3 pages).
